<?xml version="1.0" encoding="UTF-8"?>
<testng-results ignored="0" total="6" passed="6" failed="0" skipped="0">
  <reporter-output>
  </reporter-output>
  <suite started-at="2020-08-27T21:47:40 IST" name="Suite" finished-at="2020-08-27T21:47:40 IST" duration-ms="29">
    <groups>
    </groups>
    <test started-at="2020-08-27T21:47:40 IST" name="Test" finished-at="2020-08-27T21:47:40 IST" duration-ms="29">
      <class name="qaclickacademy.Mavenjava.AppiumTest">
        <test-method signature="IOSApps()[pri:0, instance:qaclickacademy.Mavenjava.AppiumTest@6ab7a896]" started-at="2020-08-27T21:47:40 IST" name="IOSApps" finished-at="2020-08-27T21:47:40 IST" duration-ms="1" status="PASS">
          <reporter-output>
          </reporter-output>
        </test-method> <!-- IOSApps -->
        <test-method signature="NativeAppAndroid()[pri:0, instance:qaclickacademy.Mavenjava.AppiumTest@6ab7a896]" started-at="2020-08-27T21:47:40 IST" name="NativeAppAndroid" finished-at="2020-08-27T21:47:40 IST" duration-ms="0" status="PASS">
          <reporter-output>
          </reporter-output>
        </test-method> <!-- NativeAppAndroid -->
      </class> <!-- qaclickacademy.Mavenjava.AppiumTest -->
      <class name="qaclickacademy.Mavenjava.RESTAPITest">
        <test-method signature="deleteTwitter()[pri:0, instance:qaclickacademy.Mavenjava.RESTAPITest@15761df8]" started-at="2020-08-27T21:47:40 IST" name="deleteTwitter" finished-at="2020-08-27T21:47:40 IST" duration-ms="3" status="PASS">
          <reporter-output>
          </reporter-output>
        </test-method> <!-- deleteTwitter -->
        <test-method signature="postJira()[pri:0, instance:qaclickacademy.Mavenjava.RESTAPITest@15761df8]" started-at="2020-08-27T21:47:40 IST" name="postJira" finished-at="2020-08-27T21:47:40 IST" duration-ms="1" status="PASS">
          <reporter-output>
          </reporter-output>
        </test-method> <!-- postJira -->
      </class> <!-- qaclickacademy.Mavenjava.RESTAPITest -->
      <class name="qaclickacademy.Mavenjava.SeleniumTest">
        <test-method signature="BrowserAutomation()[pri:0, instance:qaclickacademy.Mavenjava.SeleniumTest@327b636c]" started-at="2020-08-27T21:47:40 IST" name="BrowserAutomation" finished-at="2020-08-27T21:47:40 IST" duration-ms="1" status="PASS">
          <reporter-output>
          </reporter-output>
        </test-method> <!-- BrowserAutomation -->
        <test-method signature="elementUI()[pri:0, instance:qaclickacademy.Mavenjava.SeleniumTest@327b636c]" started-at="2020-08-27T21:47:40 IST" name="elementUI" finished-at="2020-08-27T21:47:40 IST" duration-ms="0" status="PASS">
          <reporter-output>
          </reporter-output>
        </test-method> <!-- elementUI -->
      </class> <!-- qaclickacademy.Mavenjava.SeleniumTest -->
    </test> <!-- Test -->
  </suite> <!-- Suite -->
</testng-results>
